Importer Log Report
Project : Panasonic-EEEFT_EEEH.PrjPcb

Section : Analyze Document - D:\myprojects\2018\eagle\coffe_machine06\coffe_machine\libs\Panasonic-EEEFT_EEEH@E\Panasonic-EEEFT_EEEH.lbr
    Analyzing data of D:\myprojects\2018\eagle\coffe_machine06\coffe_machine\libs\Panasonic-EEEFT_EEEH@E\Panasonic-EEEFT_EEEH.lbr
    Load settings
    Load layers 45
    Load Library library
    Load Library ""
    Load Packages 7
    Load Symbols 1
    Load DeviceSets 1
EndSection

Section : Analyze Document - D:\myprojects\2018\eagle\coffe_machine06\coffe_machine\libs\Panasonic-EEEFT_EEEH@E\Panasonic-EEEFT_EEEH.lbr
    Analyzing data of D:\myprojects\2018\eagle\coffe_machine06\coffe_machine\libs\Panasonic-EEEFT_EEEH@E\Panasonic-EEEFT_EEEH.lbr
    Load settings
    Load layers 45
    Load Library library
    Load Library ""
    Load Packages 7
    Load Symbols 1
    Load DeviceSets 1
EndSection
