Change Component Designator: Old Designator=C7 New Designator=C6
Change Component Designator: Old Designator=C8 New Designator=C7
Change Component Designator: Old Designator=C9 New Designator=C8
Change Component Designator: Old Designator=C10 New Designator=C9
Change Component Designator: Old Designator=C25 New Designator=C10
Change Component Designator: Old Designator=CON_LIN_IN New Designator=CON_LIN_IN1
Change Component Designator: Old Designator=CON_LIN_OUT New Designator=CON_LIN_OUT2
Change Component Designator: Old Designator=D1 New Designator=D2
Change Component Designator: Old Designator=D2 New Designator=D1
Change Component Designator: Old Designator=R5 New Designator=R49
Change Component Designator: Old Designator=R6 New Designator=R5
Change Component Designator: Old Designator=R7 New Designator=R6
Change Component Designator: Old Designator=R8 New Designator=R7
Change Component Designator: Old Designator=R9 New Designator=R56
Change Component Designator: Old Designator=R10 New Designator=R8
Change Component Designator: Old Designator=R11 New Designator=R9
Change Component Designator: Old Designator=R12 New Designator=R10
Change Component Designator: Old Designator=R13 New Designator=R11
Change Component Designator: Old Designator=R14 New Designator=R38
Change Component Designator: Old Designator=R15 New Designator=R39
Change Component Designator: Old Designator=R16 New Designator=R40
Change Component Designator: Old Designator=R17 New Designator=R41
Change Component Designator: Old Designator=R18 New Designator=R46
Change Component Designator: Old Designator=R19 New Designator=R12
Change Component Designator: Old Designator=R20 New Designator=R42
Change Component Designator: Old Designator=R21 New Designator=R43
Change Component Designator: Old Designator=R22 New Designator=R45
Change Component Designator: Old Designator=R23 New Designator=R44
Change Component Designator: Old Designator=R38 New Designator=R50
Change Component Designator: Old Designator=R39 New Designator=R51
Change Component Designator: Old Designator=R40 New Designator=R52
Change Component Designator: Old Designator=R41 New Designator=R55
Change Component Designator: Old Designator=R42 New Designator=R13
Change Component Designator: Old Designator=R43 New Designator=R53
Change Component Designator: Old Designator=R44 New Designator=R54
Change Component Designator: Old Designator=R45 New Designator=R57
Change Component Designator: Old Designator=R46 New Designator=R59
Change Component Designator: Old Designator=R49 New Designator=R14
Change Component Designator: Old Designator=R50 New Designator=R15
Change Component Designator: Old Designator=R51 New Designator=R58
Change Component Designator: Old Designator=R52 New Designator=R16
Change Component Designator: Old Designator=R53 New Designator=R60
Change Component Designator: Old Designator=R54 New Designator=R61
Change Component Designator: Old Designator=R55 New Designator=R62
Change Component Designator: Old Designator=R56 New Designator=R17
Change Component Designator: Old Designator=R57 New Designator=R18
Change Component Designator: Old Designator=R58 New Designator=R19
Change Component Designator: Old Designator=R59 New Designator=R20
Change Component Designator: Old Designator=R60 New Designator=R21
Change Component Designator: Old Designator=R61 New Designator=R22
Change Component Designator: Old Designator=R62 New Designator=R23
Change Component Designator: Old Designator=SV3 New Designator=SV5
Change Component Designator: Old Designator=SV4 New Designator=SV6
Change Component Designator: Old Designator=SV5 New Designator=SV3
Change Component Designator: Old Designator=SV6 New Designator=SV4
Change Component Designator: Old Designator=T2 New Designator=T4
Change Component Designator: Old Designator=T3 New Designator=T2
Change Component Designator: Old Designator=T4 New Designator=T3
Change Component Designator: Old Designator=TP7 New Designator=TP9
Change Component Designator: Old Designator=TP8 New Designator=TP10
Change Component Designator: Old Designator=TP9 New Designator=TP11
Change Component Designator: Old Designator=TP10 New Designator=TP12
Change Component Designator: Old Designator=TP11 New Designator=TP13
Change Component Designator: Old Designator=TP12 New Designator=TP14
Change Component Designator: Old Designator=TP13 New Designator=TP15
Change Component Designator: Old Designator=TP14 New Designator=TP16
Change Component Designator: Old Designator=TP15 New Designator=TP17
Change Component Designator: Old Designator=TP16 New Designator=TP18
Change Component Designator: Old Designator=TP18 New Designator=TP19
Change Component Designator: Old Designator=TP19 New Designator=TP20
Change Component Designator: Old Designator=TP20 New Designator=TP21
Change Component Designator: Old Designator=TP21 New Designator=TP22
Change Component Designator: Old Designator=TP21 New Designator=TP23
Change Component Designator: Old Designator=TP21 New Designator=TP37
Change Component Designator: Old Designator=TP22 New Designator=TP8
Change Component Designator: Old Designator=TP22 New Designator=TP25
Change Component Designator: Old Designator=TP23 New Designator=TP7
Change Component Designator: Old Designator=TP23 New Designator=TP24
Change Component Designator: Old Designator=TP24 New Designator=TP27
Change Component Designator: Old Designator=TP25 New Designator=TP28
Change Component Designator: Old Designator=TP27 New Designator=TP31
Change Component Designator: Old Designator=TP28 New Designator=TP29
Change Component Designator: Old Designator=TP29 New Designator=TP30
Change Component Designator: Old Designator=TP30 New Designator=TP35
Change Component Designator: Old Designator=TP31 New Designator=TP36
Change Component Designator: Old Designator=TP_T1B New Designator=TP_T2
Change Component Designator: Old Designator=U$13 New Designator=U$5
Change Component Part ID : Designator=U$5 Old Part ID =2 New Part ID =1
Change Component Designator: Old Designator=U$13 New Designator=U$7
Change Component Designator: Old Designator=U$14 New Designator=U$7
Change Component Part ID : Designator=U$7 Old Part ID =4 New Part ID =1
Change Component Designator: Old Designator=U$16 New Designator=U$4
