Change Component Designator: Old Designator=BR? New Designator=BR1
Change Component Designator: Old Designator=C? New Designator=C1
Change Component Designator: Old Designator=C? New Designator=C2
Change Component Designator: Old Designator=C? New Designator=C3
Change Component Designator: Old Designator=C? New Designator=C4
Change Component Designator: Old Designator=C? New Designator=C5
Change Component Designator: Old Designator=C? New Designator=C6
Change Component Designator: Old Designator=C? New Designator=C7
Change Component Designator: Old Designator=C? New Designator=C8
Change Component Designator: Old Designator=CON_LIN_IN? New Designator=CON_LIN_IN1
Change Component Designator: Old Designator=CON_LIN_OUT? New Designator=CON_LIN_OUT1
Change Component Designator: Old Designator=D? New Designator=D1
Change Component Designator: Old Designator=JP? New Designator=JP1
Change Component Designator: Old Designator=JP? New Designator=JP2
Change Component Designator: Old Designator=JP? New Designator=JP3
Change Component Designator: Old Designator=R? New Designator=R1
Change Component Designator: Old Designator=R? New Designator=R2
Change Component Designator: Old Designator=R? New Designator=R3
Change Component Designator: Old Designator=R? New Designator=R4
Change Component Designator: Old Designator=R? New Designator=R5
Change Component Designator: Old Designator=R? New Designator=R6
Change Component Designator: Old Designator=R? New Designator=R7
Change Component Designator: Old Designator=R? New Designator=R8
Change Component Designator: Old Designator=R? New Designator=R9
Change Component Designator: Old Designator=R? New Designator=R10
Change Component Designator: Old Designator=R? New Designator=R11
Change Component Designator: Old Designator=R? New Designator=R12
Change Component Designator: Old Designator=R? New Designator=R13
Change Component Designator: Old Designator=R? New Designator=R14
Change Component Designator: Old Designator=R? New Designator=R15
Change Component Designator: Old Designator=R? New Designator=R16
Change Component Designator: Old Designator=R? New Designator=R17
Change Component Designator: Old Designator=R? New Designator=R18
Change Component Designator: Old Designator=R? New Designator=R19
Change Component Designator: Old Designator=R? New Designator=R20
Change Component Designator: Old Designator=R? New Designator=R21
Change Component Designator: Old Designator=R? New Designator=R22
Change Component Designator: Old Designator=R? New Designator=R23
Change Component Designator: Old Designator=R? New Designator=R24
Change Component Designator: Old Designator=R? New Designator=R25
Change Component Designator: Old Designator=R? New Designator=R26
Change Component Designator: Old Designator=R? New Designator=R27
Change Component Designator: Old Designator=R? New Designator=R28
Change Component Designator: Old Designator=R? New Designator=R29
Change Component Designator: Old Designator=R? New Designator=R30
Change Component Designator: Old Designator=SV? New Designator=SV1
Change Component Designator: Old Designator=SV? New Designator=SV2
Change Component Designator: Old Designator=T? New Designator=T1
Change Component Designator: Old Designator=T? New Designator=T2
Change Component Designator: Old Designator=TP? New Designator=TP1
Change Component Designator: Old Designator=TP? New Designator=TP2
Change Component Designator: Old Designator=TP? New Designator=TP3
Change Component Designator: Old Designator=TP? New Designator=TP4
Change Component Designator: Old Designator=TP? New Designator=TP5
Change Component Designator: Old Designator=TP? New Designator=TP6
Change Component Designator: Old Designator=TP? New Designator=TP7
Change Component Designator: Old Designator=TP? New Designator=TP8
Change Component Designator: Old Designator=TP? New Designator=TP9
Change Component Designator: Old Designator=TP? New Designator=TP10
Change Component Designator: Old Designator=TP? New Designator=TP11
Change Component Designator: Old Designator=TP? New Designator=TP12
Change Component Designator: Old Designator=TP? New Designator=TP13
Change Component Designator: Old Designator=TP? New Designator=TP14
Change Component Designator: Old Designator=TP? New Designator=TP15
Change Component Designator: Old Designator=TP? New Designator=TP16
Change Component Designator: Old Designator=TP? New Designator=TP17
Change Component Designator: Old Designator=TP_T? New Designator=TP_T1
Change Component Designator: Old Designator=TP_VLIN? New Designator=TP_VLIN1
Change Component Designator: Old Designator=U$? New Designator=U$3
Change Component Designator: Old Designator=U$? New Designator=U$3
Change Component Designator: Old Designator=U$? New Designator=U$3
Change Component Designator: Old Designator=U$? New Designator=U$5
Change Component Designator: Old Designator=U$? New Designator=U$3
Change Component Designator: Old Designator=U$? New Designator=U$5
Change Component Designator: Old Designator=U$? New Designator=U$1
Change Component Designator: Old Designator=U$? New Designator=U$2
Change Component Designator: Old Designator=U$? New Designator=U$4
