Change Component Designator: Old Designator=BR? New Designator=BR1
Change Component Designator: Old Designator=BR? New Designator=BR2
Change Component Designator: Old Designator=C25 New Designator=C5
Change Component Designator: Old Designator=C? New Designator=C3
Change Component Designator: Old Designator=C? New Designator=C4
Change Component Designator: Old Designator=CON_LIN_OUT? New Designator=CON_LIN_OUT1
Change Component Designator: Old Designator=D? New Designator=D2
Change Component Designator: Old Designator=R20 New Designator=R3
Change Component Designator: Old Designator=R45 New Designator=R49
Change Component Designator: Old Designator=R51 New Designator=R52
Change Component Designator: Old Designator=R54 New Designator=R58
Change Component Designator: Old Designator=R? New Designator=R1
Change Component Designator: Old Designator=R? New Designator=R2
Change Component Designator: Old Designator=R? New Designator=R4
Change Component Designator: Old Designator=R? New Designator=R6
Change Component Designator: Old Designator=R? New Designator=R7
Change Component Designator: Old Designator=R? New Designator=R8
Change Component Designator: Old Designator=R? New Designator=R10
Change Component Designator: Old Designator=R? New Designator=R11
Change Component Designator: Old Designator=R? New Designator=R12
Change Component Designator: Old Designator=R? New Designator=R13
Change Component Designator: Old Designator=R? New Designator=R19
Change Component Designator: Old Designator=R? New Designator=R42
Change Component Designator: Old Designator=R? New Designator=R50
Change Component Designator: Old Designator=R? New Designator=R56
Change Component Designator: Old Designator=R? New Designator=R57
Change Component Designator: Old Designator=R? New Designator=R59
Change Component Designator: Old Designator=SV? New Designator=SV5
Change Component Designator: Old Designator=T? New Designator=T1
Change Component Designator: Old Designator=T? New Designator=T3
Change Component Designator: Old Designator=T? New Designator=T4
Change Component Designator: Old Designator=TP32 New Designator=TP12
Change Component Designator: Old Designator=TP? New Designator=TP1
Change Component Designator: Old Designator=TP? New Designator=TP3
Change Component Designator: Old Designator=TP? New Designator=TP4
Change Component Designator: Old Designator=TP? New Designator=TP5
Change Component Designator: Old Designator=TP? New Designator=TP6
Change Component Designator: Old Designator=TP? New Designator=TP7
Change Component Designator: Old Designator=TP? New Designator=TP8
Change Component Designator: Old Designator=TP? New Designator=TP9
Change Component Designator: Old Designator=TP? New Designator=TP10
Change Component Designator: Old Designator=TP? New Designator=TP11
Change Component Designator: Old Designator=TP? New Designator=TP13
Change Component Designator: Old Designator=TP? New Designator=TP14
Change Component Designator: Old Designator=TP_T? New Designator=TP_T1
Change Component Designator: Old Designator=TP_VLIN? New Designator=TP_VLIN1
Change Component Designator: Old Designator=U$? New Designator=U$2
Change Component Designator: Old Designator=U$? New Designator=U$3
Change Component Part ID : Designator=U$3 Old Part ID =1 New Part ID =3
Change Component Designator: Old Designator=U$? New Designator=U$2
Change Component Designator: Old Designator=U$? New Designator=U$3
Change Component Designator: Old Designator=U$? New Designator=U$2
Change Component Part ID : Designator=U$2 Old Part ID =3 New Part ID =4
Change Component Designator: Old Designator=U$? New Designator=U$2
Change Component Part ID : Designator=U$2 Old Part ID =4 New Part ID =3
Change Component Designator: Old Designator=U$? New Designator=U$3
Change Component Part ID : Designator=U$3 Old Part ID =4 New Part ID =1
Change Component Designator: Old Designator=U$? New Designator=U$1
