Change Component Designator: Old Designator=BR1 New Designator=BR2
Change Component Designator: Old Designator=C1 New Designator=C9
Change Component Designator: Old Designator=C2 New Designator=C10
Change Component Designator: Old Designator=C3 New Designator=C11
Change Component Designator: Old Designator=C4 New Designator=C12
Change Component Designator: Old Designator=C5 New Designator=C13
Change Component Designator: Old Designator=C6 New Designator=C14
Change Component Designator: Old Designator=C7 New Designator=C15
Change Component Designator: Old Designator=C8 New Designator=C5
Change Component Designator: Old Designator=C8 New Designator=C16
Change Component Designator: Old Designator=C9 New Designator=C6
Change Component Designator: Old Designator=C9 New Designator=C17
Change Component Designator: Old Designator=C10 New Designator=C7
Change Component Designator: Old Designator=C10 New Designator=C18
Change Component Designator: Old Designator=C11 New Designator=C8
Change Component Designator: Old Designator=C11 New Designator=C19
Change Component Designator: Old Designator=CON_LIN_IN1 New Designator=CON_LIN_IN2
Change Component Designator: Old Designator=CON_LIN_OUT1 New Designator=CON_LIN_OUT2
Change Component Designator: Old Designator=D1 New Designator=D2
Change Component Designator: Old Designator=JP1 New Designator=JP4
Change Component Designator: Old Designator=JP2 New Designator=JP5
Change Component Designator: Old Designator=JP3 New Designator=JP6
Change Component Designator: Old Designator=R1 New Designator=R31
Change Component Designator: Old Designator=R2 New Designator=R32
Change Component Designator: Old Designator=R3 New Designator=R33
Change Component Designator: Old Designator=R4 New Designator=R34
Change Component Designator: Old Designator=R5 New Designator=R35
Change Component Designator: Old Designator=R6 New Designator=R36
Change Component Designator: Old Designator=R7 New Designator=R37
Change Component Designator: Old Designator=R8 New Designator=R38
Change Component Designator: Old Designator=R9 New Designator=R39
Change Component Designator: Old Designator=R10 New Designator=R40
Change Component Designator: Old Designator=R11 New Designator=R41
Change Component Designator: Old Designator=R12 New Designator=R42
Change Component Designator: Old Designator=R13 New Designator=R43
Change Component Designator: Old Designator=R14 New Designator=R44
Change Component Designator: Old Designator=R15 New Designator=R45
Change Component Designator: Old Designator=R16 New Designator=R46
Change Component Designator: Old Designator=R17 New Designator=R47
Change Component Designator: Old Designator=R18 New Designator=R48
Change Component Designator: Old Designator=R19 New Designator=R49
Change Component Designator: Old Designator=R20 New Designator=R50
Change Component Designator: Old Designator=R21 New Designator=R51
Change Component Designator: Old Designator=R22 New Designator=R52
Change Component Designator: Old Designator=R23 New Designator=R53
Change Component Designator: Old Designator=R24 New Designator=R54
Change Component Designator: Old Designator=R25 New Designator=R55
Change Component Designator: Old Designator=R26 New Designator=R56
Change Component Designator: Old Designator=R27 New Designator=R57
Change Component Designator: Old Designator=R28 New Designator=R58
Change Component Designator: Old Designator=R29 New Designator=R59
Change Component Designator: Old Designator=R30 New Designator=R60
Change Component Designator: Old Designator=SV1 New Designator=SV3
Change Component Designator: Old Designator=SV2 New Designator=SV4
Change Component Designator: Old Designator=T1 New Designator=T3
Change Component Designator: Old Designator=T2 New Designator=T4
Change Component Designator: Old Designator=TP1 New Designator=TP18
Change Component Designator: Old Designator=TP2 New Designator=TP19
Change Component Designator: Old Designator=TP3 New Designator=TP20
Change Component Designator: Old Designator=TP4 New Designator=TP21
Change Component Designator: Old Designator=TP5 New Designator=TP22
Change Component Designator: Old Designator=TP6 New Designator=TP23
Change Component Designator: Old Designator=TP7 New Designator=TP24
Change Component Designator: Old Designator=TP8 New Designator=TP25
Change Component Designator: Old Designator=TP9 New Designator=TP26
Change Component Designator: Old Designator=TP10 New Designator=TP27
Change Component Designator: Old Designator=TP11 New Designator=TP10
Change Component Designator: Old Designator=TP11 New Designator=TP28
Change Component Designator: Old Designator=TP12 New Designator=TP11
Change Component Designator: Old Designator=TP12 New Designator=TP29
Change Component Designator: Old Designator=TP13 New Designator=TP12
Change Component Designator: Old Designator=TP13 New Designator=TP30
Change Component Designator: Old Designator=TP14 New Designator=TP13
Change Component Designator: Old Designator=TP14 New Designator=TP31
Change Component Designator: Old Designator=TP15 New Designator=TP14
Change Component Designator: Old Designator=TP15 New Designator=TP32
Change Component Designator: Old Designator=TP16 New Designator=TP15
Change Component Designator: Old Designator=TP16 New Designator=TP33
Change Component Designator: Old Designator=TP17 New Designator=TP16
Change Component Designator: Old Designator=TP17 New Designator=TP34
Change Component Designator: Old Designator=TP18 New Designator=TP17
Change Component Designator: Old Designator=TP18 New Designator=TP35
Change Component Designator: Old Designator=TP_T1 New Designator=TP_T2
Change Component Designator: Old Designator=TP_VLIN1 New Designator=TP_VLIN2
Change Component Designator: Old Designator=U$1 New Designator=U$6
Change Component Designator: Old Designator=U$2 New Designator=U$7
Change Component Designator: Old Designator=U$3 New Designator=U$8
Change Component Designator: Old Designator=U$4 New Designator=U$9
Change Component Designator: Old Designator=U$13 New Designator=U$3
Change Component Designator: Old Designator=U$13 New Designator=U$3
Change Component Designator: Old Designator=U$13 New Designator=U$3
Change Component Designator: Old Designator=U$14 New Designator=U$5
Change Component Designator: Old Designator=U$14 New Designator=U$5
