Change Component Designator: Old Designator=C6 New Designator=C8
Change Component Designator: Old Designator=C7 New Designator=C9
Change Component Designator: Old Designator=C8 New Designator=C10
Change Component Designator: Old Designator=C9 New Designator=C22
Change Component Designator: Old Designator=C10 New Designator=C27
Change Component Designator: Old Designator=C21 New Designator=C24
Change Component Designator: Old Designator=C22 New Designator=C25
Change Component Designator: Old Designator=C24 New Designator=C26
Change Component Designator: Old Designator=C26 New Designator=C6
Change Component Designator: Old Designator=C27 New Designator=C7
Change Component Designator: Old Designator=C28 New Designator=C21
Change Component Designator: Old Designator=T1 New Designator=T2
Change Component Designator: Old Designator=T2 New Designator=T3
Change Component Designator: Old Designator=T3 New Designator=T5
Change Component Designator: Old Designator=T4 New Designator=T6
Change Component Designator: Old Designator=T? New Designator=T1
Change Component Designator: Old Designator=T? New Designator=T4
Change Component Designator: Old Designator=TP19 New Designator=TP20
Change Component Designator: Old Designator=TP20 New Designator=TP21
Change Component Designator: Old Designator=TP21 New Designator=TP22
Change Component Designator: Old Designator=TP22 New Designator=TP23
Change Component Designator: Old Designator=TP23 New Designator=TP24
Change Component Designator: Old Designator=TP24 New Designator=TP25
Change Component Designator: Old Designator=TP25 New Designator=TP26
Change Component Designator: Old Designator=TP26 New Designator=TP28
Change Component Designator: Old Designator=TP28 New Designator=TP29
Change Component Designator: Old Designator=TP29 New Designator=TP30
Change Component Designator: Old Designator=TP30 New Designator=TP31
Change Component Designator: Old Designator=TP31 New Designator=TP33
Change Component Designator: Old Designator=TP33 New Designator=TP19
Change Component Designator: Old Designator=U2 New Designator=U5
Change Component Designator: Old Designator=U3 New Designator=U2
Change Component Designator: Old Designator=U$7 New Designator=U$2
Change Component Part ID : Designator=U$2 Old Part ID =1 New Part ID =3
Change Component Designator: Old Designator=U$7 New Designator=U$2
Change Component Designator: Old Designator=U$13 New Designator=U$1
Change Component Part ID : Designator=U$1 Old Part ID =3 New Part ID =2
Change Component Designator: Old Designator=U? New Designator=U4
