Change Component Designator: Old Designator=C12 New Designator=C20
Change Component Designator: Old Designator=C13 New Designator=C21
Change Component Designator: Old Designator=C14 New Designator=C22
Change Component Designator: Old Designator=C15 New Designator=C23
Change Component Designator: Old Designator=C16 New Designator=C24
Change Component Designator: Old Designator=C17 New Designator=C25
Change Component Designator: Old Designator=C18 New Designator=C26
Change Component Designator: Old Designator=C19 New Designator=C27
Change Component Designator: Old Designator=C20 New Designator=C28
Change Component Designator: Old Designator=C21 New Designator=C29
Change Component Designator: Old Designator=C22 New Designator=C30
Change Component Designator: Old Designator=D2 New Designator=D3
Change Component Designator: Old Designator=D3 New Designator=D4
Change Component Designator: Old Designator=R31 New Designator=R61
Change Component Designator: Old Designator=R32 New Designator=R62
Change Component Designator: Old Designator=R33 New Designator=R63
Change Component Designator: Old Designator=R34 New Designator=R64
Change Component Designator: Old Designator=R35 New Designator=R65
Change Component Designator: Old Designator=R36 New Designator=R66
Change Component Designator: Old Designator=R37 New Designator=R67
Change Component Designator: Old Designator=R38 New Designator=R68
Change Component Designator: Old Designator=R39 New Designator=R69
Change Component Designator: Old Designator=R40 New Designator=R70
Change Component Designator: Old Designator=R41 New Designator=R71
Change Component Designator: Old Designator=R42 New Designator=R72
Change Component Designator: Old Designator=R43 New Designator=R73
Change Component Designator: Old Designator=R44 New Designator=R74
Change Component Designator: Old Designator=R45 New Designator=R75
Change Component Designator: Old Designator=R46 New Designator=R76
Change Component Designator: Old Designator=SV3 New Designator=SV5
Change Component Designator: Old Designator=SV4 New Designator=SV6
Change Component Designator: Old Designator=U$6 New Designator=U$11
