Added Component: Designator=C22(C0603)
Add component. Clean all parameters for all variants
Add component (AddParameter): Name = "SPICEPREFIX"; Value = "C"; VariantName = "[No Variations]"
Added Component: Designator=C23(C2225K)
Add component. Clean all parameters for all variants
Add component (AddParameter): Name = "SPICEPREFIX"; Value = "C"; VariantName = "[No Variations]"
Added Component: Designator=C24(C0603)
Add component. Clean all parameters for all variants
Add component (AddParameter): Name = "SPICEPREFIX"; Value = "C"; VariantName = "[No Variations]"
Added Component: Designator=C25(C0603)
Add component. Clean all parameters for all variants
Add component (AddParameter): Name = "SPICEPREFIX"; Value = "C"; VariantName = "[No Variations]"
Added Component: Designator=C26(C0603)
Add component. Clean all parameters for all variants
Add component (AddParameter): Name = "SPICEPREFIX"; Value = "C"; VariantName = "[No Variations]"
Added Component: Designator=L2(DE1207)
Add component. Clean all parameters for all variants
Added Component: Designator=R48(6-0805_L)
Add component. Clean all parameters for all variants
Add component (AddParameter): Name = "LatestRevisionDate"; Value = "17-Jul-2002"; VariantName = "[No Variations]"
Add component (AddParameter): Name = "LatestRevisionNote"; Value = "Re-released for DXP Platform."; VariantName = "[No Variations]"
Add component (AddParameter): Name = "PackageDescription"; Value = "Axial Device, Thru-Hole; 2 Leads; 0.4 in Pin Spacing"; VariantName = "[No Variations]"
Add component (AddParameter): Name = "PackageReference"; Value = "AXIAL-0.4"; VariantName = "[No Variations]"
Add component (AddParameter): Name = "Published"; Value = "8-Jun-2000"; VariantName = "[No Variations]"
Add component (AddParameter): Name = "Publisher"; Value = "Altium Limited"; VariantName = "[No Variations]"
Add component (AddParameter): Name = "Value"; Value = "22k"; VariantName = "[No Variations]"
Added Component: Designator=U3(PG-DSO-8-27)
Add component. Clean all parameters for all variants
Added Pin To Net: NetName=V+ Pin=C22-1
Added Pin To Net: NetName=DGND Pin=C22-2
Added Pin To Net: NetName=+5V Pin=C23-1
Added Pin To Net: NetName=DGND Pin=C23-2
Added Pin To Net: NetName=+5V Pin=C26-1
Added Pin To Net: NetName=DGND Pin=C26-2
Added Pin To Net: NetName=+5V Pin=L2-2
Added Pin To Net: NetName=DGND Pin=R48-1
Added Pin To Net: NetName=DGND Pin=U3-1
Added Pin To Net: NetName=DGND Pin=U3-2
Added Pin To Net: NetName=+5V Pin=U3-4
Added Pin To Net: NetName=V+ Pin=U3-7
Added Pin To Net: NetName=V+ Pin=U3-8
Added Pin To Net: NetName=NetC24_1 Pin=C24-1
Added Pin To Net: NetName=NetC24_1 Pin=U3-3
Added Net: Name=NetC24_1
Added Pin To Net: NetName=NetC24_2 Pin=C24-2
Added Pin To Net: NetName=NetC24_2 Pin=R48-2
Added Net: Name=NetC24_2
Added Pin To Net: NetName=NetC25_1 Pin=C25-1
Added Pin To Net: NetName=NetC25_1 Pin=L2-1
Added Pin To Net: NetName=NetC25_1 Pin=U3-6
Added Net: Name=NetC25_1
Added Pin To Net: NetName=NetC25_2 Pin=C25-2
Added Pin To Net: NetName=NetC25_2 Pin=U3-5
Added Net: Name=NetC25_2
