Removed Pin From Net: NetName=NetR22_2 Pin=U$1-8
Removed Pin From Net: NetName=NetC5_2 Pin=U$1-9
Removed Pin From Net: NetName=NetR28_2 Pin=U$1-10
Removed Pin From Net: NetName=NetR3_1 Pin=U$1-12
Removed Pin From Net: NetName=NetR4_1 Pin=U$1-13
Removed Pin From Net: NetName=NetR10_1 Pin=U$1-14
Removed Pin From Net: NetName=NetR9_2 Pin=U$2-1
Removed Pin From Net: NetName=FEEDBACK_LIN Pin=U$2-2
Removed Pin From Net: NetName=NetR19_2 Pin=U$2-3
Removed Pin From Net: NetName=NetR25_2 Pin=U$2-8
Removed Pin From Net: NetName=NetR29_1 Pin=U$2-9
Removed Pin From Net: NetName=IDAC Pin=U$2-10
Change component parameters: Designator = "U$1"; Footprint = "SO14"; UniqueID = "\IGRCCLSK"
Change component parameters. Clean all parameters for all variants
Change component parameters (AddParameter): Name = "V+"; Value = "V+"; VariantName = "[No Variations]"
Change component parameters (AddParameter): Name = "V-"; Value = "V-"; VariantName = "[No Variations]"
Added Component: Designator=D4(LED-0)
Add component. Clean all parameters for all variants
Add component (AddParameter): Name = "LatestRevisionDate"; Value = "08-Jul-2005"; VariantName = "[No Variations]"
Add component (AddParameter): Name = "LatestRevisionNote"; Value = "Mech Layer 1 removed."; VariantName = "[No Variations]"
Add component (AddParameter): Name = "PackageDescription"; Value = "LED; 2 Leads"; VariantName = "[No Variations]"
Add component (AddParameter): Name = "PackageReference"; Value = "LED-0"; VariantName = "[No Variations]"
Add component (AddParameter): Name = "Published"; Value = "8-Jun-2000"; VariantName = "[No Variations]"
Add component (AddParameter): Name = "Publisher"; Value = "Altium Limited"; VariantName = "[No Variations]"
Added Component: Designator=R47(6-0805_L)
Add component. Clean all parameters for all variants
Add component (AddParameter): Name = "LatestRevisionDate"; Value = "17-Jul-2002"; VariantName = "[No Variations]"
Add component (AddParameter): Name = "LatestRevisionNote"; Value = "Re-released for DXP Platform."; VariantName = "[No Variations]"
Add component (AddParameter): Name = "PackageDescription"; Value = "Axial Device, Thru-Hole; 2 Leads; 0.4 in Pin Spacing"; VariantName = "[No Variations]"
Add component (AddParameter): Name = "PackageReference"; Value = "AXIAL-0.4"; VariantName = "[No Variations]"
Add component (AddParameter): Name = "Published"; Value = "8-Jun-2000"; VariantName = "[No Variations]"
Add component (AddParameter): Name = "Publisher"; Value = "Altium Limited"; VariantName = "[No Variations]"
Add component (AddParameter): Name = "Value"; Value = "100"; VariantName = "[No Variations]"
Added Pin To Net: NetName=AGND Pin=D4-2
Added Pin To Net: NetName=NetR9_2 Pin=U$1-8
Added Pin To Net: NetName=FEEDBACK_LIN Pin=U$1-9
Added Pin To Net: NetName=NetR19_2 Pin=U$1-10
Added Pin To Net: NetName=IDAC Pin=U$1-12
Added Pin To Net: NetName=NetR29_1 Pin=U$1-13
Added Pin To Net: NetName=NetR25_2 Pin=U$1-14
Added Pin To Net: NetName=NetR10_1 Pin=U$2-1
Added Pin To Net: NetName=NetR4_1 Pin=U$2-2
Added Pin To Net: NetName=NetR3_1 Pin=U$2-3
Added Pin To Net: NetName=NetR28_2 Pin=U$2-5
Added Pin To Net: NetName=NetC5_2 Pin=U$2-6
Added Pin To Net: NetName=NetR22_2 Pin=U$2-7
Added Pin To Net: NetName=NetR27_2 Pin=U$2-10
Added Pin To Net: NetName=NetD4_1 Pin=D4-1
Added Pin To Net: NetName=NetD4_1 Pin=R47-2
Added Net: Name=NetD4_1
Added Pin To Net: NetName=NetR47_1 Pin=R47-1
Added Pin To Net: NetName=NetR47_1 Pin=U$2-8
Added Pin To Net: NetName=NetR47_1 Pin=U$2-9
Added Net: Name=NetR47_1
Added Member To Class: ClassName=powersupply_grid8_0 Member=Component D4 LED0
Added Member To Class: ClassName=powersupply_grid8_0 Member=Component R47 Res2
Added Room: Name=powersupply_grid8_0
Added Room: Name=powersupply_grid8_1
