Change Component Designator: Old Designator=C1 New Designator=C10
Change Component Designator: Old Designator=C2 New Designator=C25
Change Component Designator: Old Designator=C3 New Designator=C26
Change Component Designator: Old Designator=C4 New Designator=C28
Change Component Designator: Old Designator=C5 New Designator=C27
Change Component Designator: Old Designator=C6 New Designator=C4
Change Component Designator: Old Designator=C7 New Designator=C5
Change Component Designator: Old Designator=C8 New Designator=C22
Change Component Designator: Old Designator=C9 New Designator=C24
Change Component Designator: Old Designator=C10 New Designator=C21
Change Component Designator: Old Designator=C21 New Designator=C3
Change Component Designator: Old Designator=C22 New Designator=C6
Change Component Designator: Old Designator=C24 New Designator=C1
Change Component Designator: Old Designator=C25 New Designator=C2
Change Component Designator: Old Designator=C26 New Designator=C7
Change Component Designator: Old Designator=C27 New Designator=C8
Change Component Designator: Old Designator=C28 New Designator=C9
Change Component Designator: Old Designator=CBUCK New Designator=CBUCK1
Change Component Designator: Old Designator=IC2 New Designator=IC1
Change Component Designator: Old Designator=JP3 New Designator=JP5
Change Component Designator: Old Designator=JP4 New Designator=JP3
Change Component Designator: Old Designator=JP6 New Designator=JP4
Change Component Designator: Old Designator=LBUCK New Designator=LBUCK1
Change Component Designator: Old Designator=R1 New Designator=R21
Change Component Designator: Old Designator=R2 New Designator=R40
Change Component Designator: Old Designator=R3 New Designator=R39
Change Component Designator: Old Designator=R4 New Designator=R43
Change Component Designator: Old Designator=R5 New Designator=R46
Change Component Designator: Old Designator=R6 New Designator=R38
Change Component Designator: Old Designator=R7 New Designator=R23
Change Component Designator: Old Designator=R8 New Designator=R18
Change Component Designator: Old Designator=R9 New Designator=R41
Change Component Designator: Old Designator=R10 New Designator=R44
Change Component Designator: Old Designator=R11 New Designator=R54
Change Component Designator: Old Designator=R12 New Designator=R51
Change Component Designator: Old Designator=R13 New Designator=R45
Change Component Designator: Old Designator=R14 New Designator=R55
Change Component Designator: Old Designator=R15 New Designator=R53
Change Component Designator: Old Designator=R18 New Designator=R20
Change Component Designator: Old Designator=R19 New Designator=R22
Change Component Designator: Old Designator=R20 New Designator=R14
Change Component Designator: Old Designator=R21 New Designator=R13
Change Component Designator: Old Designator=R22 New Designator=R19
Change Component Designator: Old Designator=R23 New Designator=R42
Change Component Designator: Old Designator=R38 New Designator=R4
Change Component Designator: Old Designator=R39 New Designator=R7
Change Component Designator: Old Designator=R40 New Designator=R11
Change Component Designator: Old Designator=R41 New Designator=R8
Change Component Designator: Old Designator=R42 New Designator=R12
Change Component Designator: Old Designator=R43 New Designator=R5
Change Component Designator: Old Designator=R44 New Designator=R9
Change Component Designator: Old Designator=R45 New Designator=R6
Change Component Designator: Old Designator=R46 New Designator=R10
Change Component Designator: Old Designator=R51 New Designator=R1
Change Component Designator: Old Designator=R52 New Designator=R2
Change Component Designator: Old Designator=R53 New Designator=R57
Change Component Designator: Old Designator=R54 New Designator=R56
Change Component Designator: Old Designator=R55 New Designator=R52
Change Component Designator: Old Designator=R56 New Designator=R15
Change Component Designator: Old Designator=R57 New Designator=R3
Change Component Designator: Old Designator=TP1 New Designator=TP2
Change Component Designator: Old Designator=TP2 New Designator=TP14
Change Component Designator: Old Designator=TP3 New Designator=TP10
Change Component Designator: Old Designator=TP4 New Designator=TP16
Change Component Designator: Old Designator=TP5 New Designator=TP8
Change Component Designator: Old Designator=TP6 New Designator=TP9
Change Component Designator: Old Designator=TP7 New Designator=TP3
Change Component Designator: Old Designator=TP8 New Designator=TP4
Change Component Designator: Old Designator=TP9 New Designator=TP15
Change Component Designator: Old Designator=TP10 New Designator=TP18
Change Component Designator: Old Designator=TP11 New Designator=TP24
Change Component Designator: Old Designator=TP12 New Designator=TP27
Change Component Designator: Old Designator=TP13 New Designator=TP28
Change Component Designator: Old Designator=TP14 New Designator=TP31
Change Component Designator: Old Designator=TP15 New Designator=TP25
Change Component Designator: Old Designator=TP16 New Designator=TP32
Change Component Designator: Old Designator=TP17 New Designator=TP30
Change Component Designator: Old Designator=TP18 New Designator=TP23
Change Component Designator: Old Designator=TP21 New Designator=TP17
Change Component Designator: Old Designator=TP22 New Designator=TP21
Change Component Designator: Old Designator=TP23 New Designator=TP29
Change Component Designator: Old Designator=TP24 New Designator=TP34
Change Component Designator: Old Designator=TP25 New Designator=TP33
Change Component Designator: Old Designator=TP26 New Designator=TP13
Change Component Designator: Old Designator=TP27 New Designator=TP26
Change Component Designator: Old Designator=TP28 New Designator=TP22
Change Component Designator: Old Designator=TP29 New Designator=TP5
Change Component Designator: Old Designator=TP30 New Designator=TP11
Change Component Designator: Old Designator=TP31 New Designator=TP12
Change Component Designator: Old Designator=TP32 New Designator=TP6
Change Component Designator: Old Designator=TP33 New Designator=TP7
Change Component Designator: Old Designator=TP34 New Designator=TP1
Change Component Designator: Old Designator=U$1 New Designator=U$16
Change Component Designator: Old Designator=U$2 New Designator=U$12
Change Component Designator: Old Designator=U$3 New Designator=U$18
Change Component Designator: Old Designator=U$7 New Designator=U$11
Change Component Designator: Old Designator=U$10 New Designator=U$2
Change Component Designator: Old Designator=U$11 New Designator=U$3
Change Component Designator: Old Designator=U$12 New Designator=U$15
Change Component Designator: Old Designator=U$15 New Designator=U$13
Change Component Designator: Old Designator=U$16 New Designator=U$14
Change Component Designator: Old Designator=U$17 New Designator=U$1
Change Component Designator: Old Designator=U$18 New Designator=U$7
