Change Component Designator: Old Designator=BR1 New Designator=BR?
Change Component Designator: Old Designator=BR2 New Designator=BR?
Change Component Designator: Old Designator=C3 New Designator=C?
Change Component Designator: Old Designator=C9 New Designator=C?
Change Component Designator: Old Designator=CON_LIN_OUT New Designator=CON_LIN_OUT?
Change Component Designator: Old Designator=D2 New Designator=D?
Change Component Designator: Old Designator=R1 New Designator=R?
Change Component Designator: Old Designator=R2 New Designator=R?
Change Component Designator: Old Designator=R3 New Designator=R?
Change Component Designator: Old Designator=R4 New Designator=R?
Change Component Designator: Old Designator=R6 New Designator=R?
Change Component Designator: Old Designator=R7 New Designator=R?
Change Component Designator: Old Designator=R8 New Designator=R?
Change Component Designator: Old Designator=R14 New Designator=R?
Change Component Designator: Old Designator=R15 New Designator=R?
Change Component Designator: Old Designator=R18 New Designator=R?
Change Component Designator: Old Designator=R38 New Designator=R?
Change Component Designator: Old Designator=R41 New Designator=R?
Change Component Designator: Old Designator=R43 New Designator=R?
Change Component Designator: Old Designator=R44 New Designator=R?
Change Component Designator: Old Designator=R53 New Designator=R?
Change Component Designator: Old Designator=R55 New Designator=R?
Change Component Designator: Old Designator=SV4 New Designator=SV?
Change Component Designator: Old Designator=T1 New Designator=T?
Change Component Designator: Old Designator=T3 New Designator=T?
Change Component Designator: Old Designator=T4 New Designator=T?
Change Component Designator: Old Designator=TP1 New Designator=TP?
Change Component Designator: Old Designator=TP3 New Designator=TP?
Change Component Designator: Old Designator=TP4 New Designator=TP?
Change Component Designator: Old Designator=TP18 New Designator=TP?
Change Component Designator: Old Designator=TP19 New Designator=TP?
Change Component Designator: Old Designator=TP21 New Designator=TP?
Change Component Designator: Old Designator=TP21 New Designator=TP?
Change Component Designator: Old Designator=TP25 New Designator=TP?
Change Component Designator: Old Designator=TP28 New Designator=TP?
Change Component Designator: Old Designator=TP29 New Designator=TP?
Change Component Designator: Old Designator=TP31 New Designator=TP?
Change Component Designator: Old Designator=TP34 New Designator=TP?
Change Component Designator: Old Designator=TP_T1B New Designator=TP_T?
Change Component Designator: Old Designator=TP_VLIN1 New Designator=TP_VLIN?
Change Component Designator: Old Designator=U$1 New Designator=U$?
Change Component Designator: Old Designator=U$2 New Designator=U$?
Change Component Designator: Old Designator=U$2 New Designator=U$?
Change Component Designator: Old Designator=U$2 New Designator=U$?
Change Component Designator: Old Designator=U$2 New Designator=U$?
Change Component Designator: Old Designator=U$3 New Designator=U$?
Change Component Designator: Old Designator=U$13 New Designator=U$?
Change Component Designator: Old Designator=U$13 New Designator=U$?
