Added Component: Designator=C18(C0603)
Add component. Clean all parameters for all variants
Add component (AddParameter): Name = "SPICEPREFIX"; Value = "C"; VariantName = "[No Variations]"
Added Component: Designator=C20(CAPAE430X610N)
Add component. Clean all parameters for all variants
Add component (AddParameter): Name = "MPN"; Value = "EEE-FT0J101AR"; VariantName = "[No Variations]"
Add component (AddParameter): Name = "OC_FARNELL"; Value = "2065951"; VariantName = "[No Variations]"
Add component (AddParameter): Name = "OC_NEWARK"; Value = "73T9146"; VariantName = "[No Variations]"
Add component (AddParameter): Name = "PACKAGE"; Value = "CASE-B"; VariantName = "[No Variations]"
Add component (AddParameter): Name = "SUPPLIER"; Value = "PANASONIC"; VariantName = "[No Variations]"
Add component (AddParameter): Name = "TOLERANCE"; Value = "±20 %"; VariantName = "[No Variations]"
Add component (AddParameter): Name = "VOLTAGERATING"; Value = "6.3V"; VariantName = "[No Variations]"
Added Component: Designator=C21(C0603)
Add component. Clean all parameters for all variants
Add component (AddParameter): Name = "SPICEPREFIX"; Value = "C"; VariantName = "[No Variations]"
Added Component: Designator=U2(SO8)
Add component. Clean all parameters for all variants
Added Pin To Net: NetName=+5V Pin=C18-1
Added Pin To Net: NetName=DGND Pin=C18-2
Added Pin To Net: NetName=+3V3 Pin=C20-1
Added Pin To Net: NetName=DGND Pin=C20-2
Added Pin To Net: NetName=+3V3 Pin=C21-1
Added Pin To Net: NetName=DGND Pin=C21-2
Added Pin To Net: NetName=+3V3 Pin=U2-1
Added Pin To Net: NetName=DGND Pin=U2-2
Added Pin To Net: NetName=DGND Pin=U2-3
Added Pin To Net: NetName=DGND Pin=U2-5
Added Pin To Net: NetName=DGND Pin=U2-6
Added Pin To Net: NetName=DGND Pin=U2-7
Added Pin To Net: NetName=+5V Pin=U2-8
Added Member To Class: ClassName=powersupply_grid8_1 Member=Component C18 100n
Added Member To Class: ClassName=powersupply_grid8_1 Member=Component C20 2.2u
Added Member To Class: ClassName=powersupply_grid8_1 Member=Component C21 100n
Added Member To Class: ClassName=powersupply_grid8_1 Member=Component U2 KF33D
Added Room: Name=powersupply_grid8_0
Added Room: Name=powersupply_grid8_1
