Change Component Designator: Old Designator=C7 New Designator=C1
Change Component Designator: Old Designator=C8 New Designator=C2
Change Component Designator: Old Designator=C9 New Designator=C3
Change Component Designator: Old Designator=C10 New Designator=C4
Change Component Designator: Old Designator=C21 New Designator=C5
Change Component Designator: Old Designator=C22 New Designator=C6
Change Component Designator: Old Designator=C24 New Designator=C7
Change Component Designator: Old Designator=C25 New Designator=C8
Change Component Designator: Old Designator=C26 New Designator=C9
Change Component Designator: Old Designator=C27 New Designator=C10
Change Component Designator: Old Designator=C28 New Designator=C11
Change Component Designator: Old Designator=CON_LIN_IN New Designator=CON_LIN_IN1
Change Component Designator: Old Designator=CON_LIN_OUT New Designator=CON_LIN_OUT1
Change Component Designator: Old Designator=JP3 New Designator=JP1
Change Component Designator: Old Designator=JP4 New Designator=JP2
Change Component Designator: Old Designator=JP5 New Designator=JP3
Change Component Designator: Old Designator=R14 New Designator=R1
Change Component Designator: Old Designator=R15 New Designator=R2
Change Component Designator: Old Designator=R16 New Designator=R3
Change Component Designator: Old Designator=R17 New Designator=R4
Change Component Designator: Old Designator=R18 New Designator=R7
Change Component Designator: Old Designator=R18 New Designator=R11
Change Component Designator: Old Designator=R19 New Designator=R8
Change Component Designator: Old Designator=R19 New Designator=R12
Change Component Designator: Old Designator=R20 New Designator=R5
Change Component Designator: Old Designator=R21 New Designator=R6
Change Component Designator: Old Designator=R22 New Designator=R10
Change Component Designator: Old Designator=R23 New Designator=R9
Change Component Designator: Old Designator=R38 New Designator=R13
Change Component Designator: Old Designator=R39 New Designator=R14
Change Component Designator: Old Designator=R40 New Designator=R15
Change Component Designator: Old Designator=R41 New Designator=R17
Change Component Designator: Old Designator=R41 New Designator=R20
Change Component Designator: Old Designator=R42 New Designator=R18
Change Component Designator: Old Designator=R42 New Designator=R21
Change Component Designator: Old Designator=R43 New Designator=R16
Change Component Designator: Old Designator=R44 New Designator=R19
Change Component Designator: Old Designator=R45 New Designator=R22
Change Component Designator: Old Designator=R46 New Designator=R24
Change Component Designator: Old Designator=R51 New Designator=R23
Change Component Designator: Old Designator=R52 New Designator=R25
Change Component Designator: Old Designator=R53 New Designator=R26
Change Component Designator: Old Designator=R54 New Designator=R27
Change Component Designator: Old Designator=R55 New Designator=R28
Change Component Designator: Old Designator=R56 New Designator=R30
Change Component Designator: Old Designator=R57 New Designator=R29
Change Component Designator: Old Designator=SV3 New Designator=SV1
Change Component Designator: Old Designator=SV4 New Designator=SV2
Change Component Designator: Old Designator=T1 New Designator=T2
Change Component Designator: Old Designator=T2 New Designator=T1
Change Component Designator: Old Designator=TP18 New Designator=TP1
Change Component Designator: Old Designator=TP19 New Designator=TP2
Change Component Designator: Old Designator=TP20 New Designator=TP3
Change Component Designator: Old Designator=TP21 New Designator=TP4
Change Component Designator: Old Designator=TP22 New Designator=TP6
Change Component Designator: Old Designator=TP23 New Designator=TP5
Change Component Designator: Old Designator=TP24 New Designator=TP7
Change Component Designator: Old Designator=TP25 New Designator=TP8
Change Component Designator: Old Designator=TP25 New Designator=TP9
Change Component Designator: Old Designator=TP26 New Designator=TP10
Change Component Designator: Old Designator=TP27 New Designator=TP12
Change Component Designator: Old Designator=TP28 New Designator=TP11
Change Component Designator: Old Designator=TP29 New Designator=TP13
Change Component Designator: Old Designator=TP30 New Designator=TP14
Change Component Designator: Old Designator=TP31 New Designator=TP15
Change Component Designator: Old Designator=TP32 New Designator=TP16
Change Component Designator: Old Designator=TP33 New Designator=TP17
Change Component Designator: Old Designator=TP34 New Designator=TP18
Change Component Designator: Old Designator=TP_T1B New Designator=TP_T1
Change Component Designator: Old Designator=U2 New Designator=U1
Change Component Designator: Old Designator=U$13 New Designator=U$3
Change Component Designator: Old Designator=U$16 New Designator=U$1
Change Component Designator: Old Designator=U$16 New Designator=U$2
Change Component Designator: Old Designator=U$18 New Designator=U$4
