Removed Pin From Net: NetName=NetR22_2 Pin=U$1-8
Removed Pin From Net: NetName=NetC5_2 Pin=U$1-9
Removed Pin From Net: NetName=NetR28_2 Pin=U$1-10
Removed Pin From Net: NetName=NetR3_1 Pin=U$1-12
Removed Pin From Net: NetName=NetR4_1 Pin=U$1-13
Removed Pin From Net: NetName=NetR10_1 Pin=U$1-14
Removed Pin From Net: NetName=NetR9_2 Pin=U$2-1
Removed Pin From Net: NetName=FEEDBACK_LIN Pin=U$2-2
Removed Pin From Net: NetName=NetR19_2 Pin=U$2-3
Removed Pin From Net: NetName=V+ Pin=U$2-4
Removed Pin From Net: NetName=NetR25_2 Pin=U$2-8
Removed Pin From Net: NetName=NetR29_1 Pin=U$2-9
Removed Pin From Net: NetName=IDAC Pin=U$2-10
Removed Pin From Net: NetName=AGND Pin=U$2-11
Removed Pin From Net: NetName=NetC5_2 Pin=U$2-12
Removed Pin From Net: NetName=IMEAS Pin=U$2-13
Removed Pin From Net: NetName=IMEAS Pin=U$2-14
Change component parameters: Designator = "U$1"; Footprint = "SO14"; UniqueID = "\IGRCCLSK"
Change component parameters. Clean all parameters for all variants
Change component parameters (AddParameter): Name = "V+"; Value = "V+"; VariantName = "[No Variations]"
Change component parameters (AddParameter): Name = "V-"; Value = "V-"; VariantName = "[No Variations]"
Change component parameters: Designator = "U$2"; Footprint = "SO14"; UniqueID = "\GHTBMNXT"
Change component parameters. Clean all parameters for all variants
Added Pin To Net: NetName=NetR9_2 Pin=U$1-8
Added Pin To Net: NetName=FEEDBACK_LIN Pin=U$1-9
Added Pin To Net: NetName=NetR19_2 Pin=U$1-10
Added Pin To Net: NetName=IDAC Pin=U$1-12
Added Pin To Net: NetName=NetR29_1 Pin=U$1-13
Added Pin To Net: NetName=NetR25_2 Pin=U$1-14
Added Pin To Net: NetName=IMEAS Pin=U$2-1
Added Pin To Net: NetName=IMEAS Pin=U$2-2
Added Pin To Net: NetName=NetC5_2 Pin=U$2-3
Added Pin To Net: NetName=NetR3_1 Pin=U$2-5
Added Pin To Net: NetName=NetR4_1 Pin=U$2-6
Added Pin To Net: NetName=NetR10_1 Pin=U$2-7
Added Pin To Net: NetName=NetR28_2 Pin=U$2-12
Added Pin To Net: NetName=NetC5_2 Pin=U$2-13
Added Pin To Net: NetName=NetR22_2 Pin=U$2-14
Added Room: Name=powersupply_grid8_0
Added Room: Name=powersupply_grid8_1
