Change Component Designator: Old Designator=BATERY New Designator=BATERY1
Change Component Designator: Old Designator=C11 New Designator=C15
Change Component Designator: Old Designator=C12 New Designator=C19
Change Component Designator: Old Designator=C13 New Designator=C22
Change Component Designator: Old Designator=C14 New Designator=C18
Change Component Designator: Old Designator=C15 New Designator=C14
Change Component Designator: Old Designator=C17 New Designator=C12
Change Component Designator: Old Designator=C18 New Designator=C13
Change Component Designator: Old Designator=C19 New Designator=C20
Change Component Designator: Old Designator=C20 New Designator=C17
Change Component Designator: Old Designator=C23 New Designator=C21
Change Component Designator: Old Designator=R1 New Designator=R45
Change Component Designator: Old Designator=R2 New Designator=R46
Change Component Designator: Old Designator=R24 New Designator=R37
Change Component Designator: Old Designator=R25 New Designator=R31
Change Component Designator: Old Designator=R26 New Designator=R33
Change Component Designator: Old Designator=R27 New Designator=R35
Change Component Designator: Old Designator=R28 New Designator=R36
Change Component Designator: Old Designator=R29 New Designator=R39
Change Component Designator: Old Designator=R30 New Designator=R43
Change Component Designator: Old Designator=R31 New Designator=R44
Change Component Designator: Old Designator=R32 New Designator=R41
Change Component Designator: Old Designator=R33 New Designator=R42
Change Component Designator: Old Designator=R34 New Designator=R38
Change Component Designator: Old Designator=R35 New Designator=R40
Change Component Designator: Old Designator=R36 New Designator=R32
Change Component Designator: Old Designator=R37 New Designator=R34
Change Component Designator: Old Designator=SV1 New Designator=SV3
Change Component Designator: Old Designator=SV2 New Designator=SV4
Change Component Designator: Old Designator=U1 New Designator=U2
